<?xml version="1.0" encoding="UTF-8"?>
<!-- Generated by org.testng.reporters.JUnitReportReporter -->
<testsuite hostname="DESKTOP-68BCR7S" failures="0" tests="4" name="com.sgtesting.tests.testcases.Testcases" time="0.010" errors="0" timestamp="2023-09-15T18:30:20 IST" skipped="0">
  <testcase classname="com.sgtesting.tests.testcases.Testcases" name="method3" time="0.001"/>
  <system-out/>
  <testcase classname="com.sgtesting.tests.testcases.Testcases" name="method4" time="0.001"/>
  <system-out/>
  <testcase classname="com.sgtesting.tests.testcases.Testcases" name="method1" time="0.007"/>
  <system-out/>
  <testcase classname="com.sgtesting.tests.testcases.Testcases" name="method2" time="0.001"/>
  <system-out/>
</testsuite> <!-- com.sgtesting.tests.testcases.Testcases -->
