<?xml version="1.0" encoding="UTF-8"?>
<!-- Generated by org.testng.reporters.JUnitReportReporter -->
<testsuite hostname="DESKTOP-68BCR7S" failures="0" tests="2" name="com.sgtesting.parameters.Testing" time="0.008" errors="0" timestamp="2023-09-16T18:47:06 IST" skipped="0">
  <testcase classname="com.sgtesting.parameters.Testing" name="testcase1" time="0.002"/>
  <system-out/>
  <testcase classname="com.sgtesting.parameters.Testing" name="testcase1" time="0.006"/>
  <system-out/>
</testsuite> <!-- com.sgtesting.parameters.Testing -->
